<?xml version="1.0" encoding="UTF-8"?>
<testsuite name="com.jojoldu.book.springboot.HelloControllerTest" tests="2" skipped="0" failures="0" errors="0" timestamp="2020-05-04T18:33:01" hostname="ASM" time="0.091">
  <properties/>
  <testcase name="hello가_리턴된다" classname="com.jojoldu.book.springboot.HelloControllerTest" time="0.027"/>
  <testcase name="helloDto가_리턴된다" classname="com.jojoldu.book.springboot.HelloControllerTest" time="0.064"/>
  <system-out><![CDATA[2020-05-05 03:33:01.317  INFO 17368 --- [    Test worker] .b.t.a.w.s.WebMvcTestContextBootstrapper : Neither @ContextConfiguration nor @ContextHierarchy found for test class [com.jojoldu.book.springboot.HelloControllerTest], using SpringBootContextLoader
2020-05-05 03:33:01.318  INFO 17368 --- [    Test worker] o.s.t.c.support.AbstractContextLoader    : Could not detect default resource locations for test class [com.jojoldu.book.springboot.HelloControllerTest]: no resource found for suffixes {-context.xml, Context.groovy}.
2020-05-05 03:33:01.318  INFO 17368 --- [    Test worker] t.c.s.AnnotationConfigContextLoaderUtils : Could not detect default configuration classes for test class [com.jojoldu.book.springboot.HelloControllerTest]: HelloControllerTest does not declare any static, non-private, non-final, nested classes annotated with @Configuration.
2020-05-05 03:33:01.333  INFO 17368 --- [    Test worker] .b.t.c.SpringBootTestContextBootstrapper : Found @SpringBootConfiguration com.jojoldu.book.springboot.Application for test class com.jojoldu.book.springboot.HelloControllerTest
2020-05-05 03:33:01.333  INFO 17368 --- [    Test worker] .b.t.a.w.s.WebMvcTestContextBootstrapper : Loaded default TestExecutionListener class names from location [META-INF/spring.factories]: [org.springframework.security.test.context.support.WithSecurityContextTestExecutionListener, org.springframework.security.test.context.support.ReactorContextTestExecutionListener, org.springframework.boot.test.autoconfigure.restdocs.RestDocsTestExecutionListener, org.springframework.boot.test.autoconfigure.web.client.MockRestServiceServerResetTestExecutionListener, org.springframework.boot.test.autoconfigure.web.servlet.MockMvcPrintOnlyOnFailureTestExecutionListener, org.springframework.boot.test.autoconfigure.web.servlet.WebDriverTestExecutionListener, org.springframework.boot.test.mock.mockito.MockitoTestExecutionListener, org.springframework.boot.test.mock.mockito.ResetMocksTestExecutionListener, org.springframework.test.context.web.ServletTestExecutionListener, org.springframework.test.context.support.DirtiesContextBeforeModesTestExecutionListener, org.springframework.test.context.support.DependencyInjectionTestExecutionListener, org.springframework.test.context.support.DirtiesContextTestExecutionListener, org.springframework.test.context.transaction.TransactionalTestExecutionListener, org.springframework.test.context.jdbc.SqlScriptsTestExecutionListener]
2020-05-05 03:33:01.334  INFO 17368 --- [    Test worker] .b.t.a.w.s.WebMvcTestContextBootstrapper : Using TestExecutionListeners: [org.springframework.test.context.web.ServletTestExecutionListener@47ff801d, org.springframework.test.context.support.DirtiesContextBeforeModesTestExecutionListener@2720e0d5, org.springframework.boot.test.mock.mockito.MockitoTestExecutionListener@3928f23b, org.springframework.boot.test.autoconfigure.SpringBootDependencyInjectionTestExecutionListener@a222f33, org.springframework.test.context.support.DirtiesContextTestExecutionListener@3166b902, org.springframework.test.context.transaction.TransactionalTestExecutionListener@1160c1b3, org.springframework.test.context.jdbc.SqlScriptsTestExecutionListener@6fa7408e, org.springframework.security.test.context.support.WithSecurityContextTestExecutionListener@74e7b1fe, org.springframework.security.test.context.support.ReactorContextTestExecutionListener@70cda8c9, org.springframework.boot.test.autoconfigure.restdocs.RestDocsTestExecutionListener@6737923a, org.springframework.boot.test.autoconfigure.web.client.MockRestServiceServerResetTestExecutionListener@32411d62, org.springframework.boot.test.autoconfigure.web.servlet.MockMvcPrintOnlyOnFailureTestExecutionListener@7be03295, org.springframework.boot.test.autoconfigure.web.servlet.WebDriverTestExecutionListener@667646c0, org.springframework.boot.test.mock.mockito.ResetMocksTestExecutionListener@3d8bbe76]

  .   ____          _            __ _ _
 /\\ / ___'_ __ _ _(_)_ __  __ _ \ \ \ \
( ( )\___ | '_ | '_| | '_ \/ _` | \ \ \ \
 \\/  ___)| |_)| | | | | || (_| |  ) ) ) )
  '  |____| .__|_| |_|_| |_\__, | / / / /
 =========|_|==============|___/=/_/_/_/
 :: Spring Boot ::        (v2.1.7.RELEASE)

2020-05-05 03:33:01.356  INFO 17368 --- [    Test worker] c.j.book.springboot.HelloControllerTest  : Starting HelloControllerTest on ASM with PID 17368 (started by ggp02 in C:\Users\ggp02\IdeaProjects\freelec-springboot2-webservice)
2020-05-05 03:33:01.356  INFO 17368 --- [    Test worker] c.j.book.springboot.HelloControllerTest  : No active profile set, falling back to default profiles: default
2020-05-05 03:33:01.658  INFO 17368 --- [    Test worker] o.s.s.concurrent.ThreadPoolTaskExecutor  : Initializing ExecutorService 'applicationTaskExecutor'
2020-05-05 03:33:01.691  INFO 17368 --- [    Test worker] o.s.b.a.w.s.WelcomePageHandlerMapping    : Adding welcome page template: index
2020-05-05 03:33:01.841  INFO 17368 --- [    Test worker] .s.s.UserDetailsServiceAutoConfiguration : 

Using generated security password: 1d47698e-aaa8-424b-8d44-a6f0fa85af37

2020-05-05 03:33:01.936  INFO 17368 --- [    Test worker] o.s.s.web.DefaultSecurityFilterChain     : Creating filter chain: any request, [org.springframework.security.web.context.request.async.WebAsyncManagerIntegrationFilter@55fcdffa, org.springframework.security.web.context.SecurityContextPersistenceFilter@75f5e231, org.springframework.security.web.header.HeaderWriterFilter@535c4256, org.springframework.security.web.csrf.CsrfFilter@78c76e21, org.springframework.security.web.authentication.logout.LogoutFilter@1fa76557, org.springframework.security.web.authentication.UsernamePasswordAuthenticationFilter@22635b9f, org.springframework.security.web.authentication.ui.DefaultLoginPageGeneratingFilter@92b6a11, org.springframework.security.web.authentication.ui.DefaultLogoutPageGeneratingFilter@150f2d89, org.springframework.security.web.authentication.www.BasicAuthenticationFilter@27acfcce, org.springframework.security.web.savedrequest.RequestCacheAwareFilter@646262b8, org.springframework.security.web.servletapi.SecurityContextHolderAwareRequestFilter@551dc290, org.springframework.security.web.authentication.AnonymousAuthenticationFilter@5505f96a, org.springframework.security.web.session.SessionManagementFilter@10a9887a, org.springframework.security.web.access.ExceptionTranslationFilter@a8370bf, org.springframework.security.web.access.intercept.FilterSecurityInterceptor@182d43b5]
2020-05-05 03:33:01.951  INFO 17368 --- [    Test worker] o.s.b.t.m.w.SpringBootMockServletContext : Initializing Spring TestDispatcherServlet ''
2020-05-05 03:33:01.951  INFO 17368 --- [    Test worker] o.s.t.web.servlet.TestDispatcherServlet  : Initializing Servlet ''
2020-05-05 03:33:01.959  INFO 17368 --- [    Test worker] o.s.t.web.servlet.TestDispatcherServlet  : Completed initialization in 8 ms
2020-05-05 03:33:01.983  INFO 17368 --- [    Test worker] c.j.book.springboot.HelloControllerTest  : Started HelloControllerTest in 0.647 seconds (JVM running for 8.245)
]]></system-out>
  <system-err><![CDATA[]]></system-err>
</testsuite>
